#
# There is insufficient memory for the Java Runtime Environment to continue.
# Native memory allocation (malloc) failed to allocate 543616 bytes for Chunk::new
# Possible reasons:
#   The system is out of physical RAM or swap space
#   The process is running with CompressedOops enabled, and the Java Heap may be blocking the growth of the native heap
# Possible solutions:
#   Reduce memory load on the system
#   Increase physical memory or swap space
#   Check if swap backing store is full
#   Decrease Java heap size (-Xmx/-Xms)
#   Decrease number of Java threads
#   Decrease Java thread stack sizes (-Xss)
#   Set larger code cache with -XX:ReservedCodeCacheSize=
#   JVM is running with Zero Based Compressed Oops mode in which the Java heap is
#     placed in the first 32GB address space. The Java Heap base address is the
#     maximum limit for the native heap growth. Please use -XX:HeapBaseMinAddress
#     to set the Java Heap base and to place the Java Heap above 32GB virtual address.
# This output file may be truncated or incomplete.
#
#  Out of Memory Error (arena.cpp:184), pid=14056, tid=38204
#
# JRE version: Java(TM) SE Runtime Environment (19.0+36) (build 19+36-2238)
# Java VM: Java HotSpot(TM) 64-Bit Server VM (19+36-2238, mixed mode, sharing, tiered, compressed oops, compressed class ptrs, g1 gc, windows-amd64)
# No core dump will be written. Minidumps are not enabled by default on client versions of Windows
#

---------------  S U M M A R Y ------------

Command Line: -Dfile.encoding=UTF-8 -XX:+ShowCodeDetailsInExceptionMessages cucumber.api.cli.Main C:\Users\vigneshwaran\eclipse-workspace\BDDProject\src\test\resources\AppFeature\virtualTerminal.feature --glue classpath: --plugin pretty --monochrome

Host: Intel(R) Core(TM) i5-2500 CPU @ 3.30GHz, 4 cores, 15G,  Windows 10 , 64 bit Build 19041 (10.0.19041.2251)
Time: Thu Dec 15 16:09:15 2022 India Standard Time elapsed time: 3.746896 seconds (0d 0h 0m 3s)

---------------  T H R E A D  ---------------

Current thread (0x00000141298557e0):  JavaThread "C2 CompilerThread0" daemon [_thread_in_native, id=38204, stack(0x0000003288600000,0x0000003288700000)]


Current CompileTask:
C2:   3747 2601       4       java.lang.invoke.MethodType::makeImpl (109 bytes)

Stack: [0x0000003288600000,0x0000003288700000]
Native frames: (J=compiled Java code, j=interpreted, Vv=VM code, C=native code)
V  [jvm.dll+0x6ee8fa]
V  [jvm.dll+0x857a1e]
V  [jvm.dll+0x85940e]
V  [jvm.dll+0x859ac3]
V  [jvm.dll+0x28291f]
V  [jvm.dll+0xc9b5f]
V  [jvm.dll+0xc9ee5]
V  [jvm.dll+0x2f7c6f]
V  [jvm.dll+0x5f0c5b]
V  [jvm.dll+0x254d73]
V  [jvm.dll+0x24d901]
V  [jvm.dll+0x24b563]
V  [jvm.dll+0x1d6d61]
V  [jvm.dll+0x25b0fa]
V  [jvm.dll+0x259588]
V  [jvm.dll+0x807928]
V  [jvm.dll+0x8015fa]
V  [jvm.dll+0x6ed5eb]
C  [ucrtbase.dll+0x21bb2]
C  [KERNEL32.DLL+0x174b4]
C  [ntdll.dll+0x526a1]


---------------  P R O C E S S  ---------------

Threads class SMR info:
_java_thread_list=0x000001412f155200, length=19, elements={
0x0000014106d3fb00, 0x000001412983ab60, 0x000001412983c4c0, 0x000001412983f340,
0x0000014129842dd0, 0x0000014129845e90, 0x0000014129847330, 0x00000141298557e0,
0x0000014129856150, 0x0000014129865a80, 0x000001412dd239a0, 0x000001412dd30180,
0x000001412f02f2b0, 0x000001412ed62440, 0x000001412ed7a5a0, 0x000001412ed7aae0,
0x000001412de4f370, 0x000001412ee235b0, 0x000001412ee22b10
}

Java Threads: ( => current thread )
  0x0000014106d3fb00 JavaThread "Forwarding maximizeCurrentWindow on session 0acb9c8573ee6e9b8baa6763cc8b7f12 to remote" [_thread_in_native, id=20940, stack(0x0000003287900000,0x0000003287a00000)]
  0x000001412983ab60 JavaThread "Reference Handler" daemon [_thread_blocked, id=39112, stack(0x0000003288000000,0x0000003288100000)]
  0x000001412983c4c0 JavaThread "Finalizer" daemon [_thread_blocked, id=39636, stack(0x0000003288100000,0x0000003288200000)]
  0x000001412983f340 JavaThread "Signal Dispatcher" daemon [_thread_blocked, id=43408, stack(0x0000003288200000,0x0000003288300000)]
  0x0000014129842dd0 JavaThread "Attach Listener" daemon [_thread_blocked, id=33724, stack(0x0000003288300000,0x0000003288400000)]
  0x0000014129845e90 JavaThread "Service Thread" daemon [_thread_blocked, id=27288, stack(0x0000003288400000,0x0000003288500000)]
  0x0000014129847330 JavaThread "Monitor Deflation Thread" daemon [_thread_blocked, id=33824, stack(0x0000003288500000,0x0000003288600000)]
=>0x00000141298557e0 JavaThread "C2 CompilerThread0" daemon [_thread_in_native, id=38204, stack(0x0000003288600000,0x0000003288700000)]
  0x0000014129856150 JavaThread "C1 CompilerThread0" daemon [_thread_blocked, id=40092, stack(0x0000003288700000,0x0000003288800000)]
  0x0000014129865a80 JavaThread "Sweeper thread" daemon [_thread_blocked, id=41056, stack(0x0000003288800000,0x0000003288900000)]
  0x000001412dd239a0 JavaThread "Notification Thread" daemon [_thread_blocked, id=1044, stack(0x0000003288900000,0x0000003288a00000)]
  0x000001412dd30180 JavaThread "Common-Cleaner" daemon [_thread_blocked, id=43416, stack(0x0000003288b00000,0x0000003288c00000)]
  0x000001412f02f2b0 JavaThread "Exec Default Executor" daemon [_thread_in_native, id=41080, stack(0x0000003289000000,0x0000003289100000)]
  0x000001412ed62440 JavaThread "UrlChecker-2" daemon [_thread_blocked, id=40792, stack(0x0000003289100000,0x0000003289200000)]
  0x000001412ed7a5a0 JavaThread "Exec Stream Pumper" daemon [_thread_in_native, id=30764, stack(0x0000003289300000,0x0000003289400000)]
  0x000001412ed7aae0 JavaThread "Exec Stream Pumper" daemon [_thread_in_native, id=39308, stack(0x0000003289400000,0x0000003289500000)]
  0x000001412de4f370 JavaThread "Keep-Alive-Timer" daemon [_thread_blocked, id=34756, stack(0x0000003288c00000,0x0000003288d00000)]
  0x000001412ee235b0 JavaThread "OkHttp ConnectionPool" daemon [_thread_blocked, id=13996, stack(0x0000003289500000,0x0000003289600000)]
  0x000001412ee22b10 JavaThread "Okio Watchdog" daemon [_thread_blocked, id=42292, stack(0x0000003289600000,0x0000003289700000)]

Other Threads:
  0x000001412981fa60 VMThread "VM Thread" [stack: 0x0000003287f00000,0x0000003288000000] [id=42348]
  0x000001412dd2c320 WatcherThread "VM Periodic Task Thread" [stack: 0x0000003288a00000,0x0000003288b00000] [id=41152]
  0x0000014106db0000 WorkerThread "GC Thread#0" [stack: 0x0000003287a00000,0x0000003287b00000] [id=28208]
  0x000001412e41a1c0 WorkerThread "GC Thread#1" [stack: 0x0000003288d00000,0x0000003288e00000] [id=10344]
  0x000001412e41a490 WorkerThread "GC Thread#2" [stack: 0x0000003288e00000,0x0000003288f00000] [id=31100]
  0x000001412e41a760 WorkerThread "GC Thread#3" [stack: 0x0000003288f00000,0x0000003289000000] [id=5436]
  0x0000014106dc0c70 ConcurrentGCThread "G1 Main Marker" [stack: 0x0000003287b00000,0x0000003287c00000] [id=40440]
  0x0000014106dc22c0 WorkerThread "G1 Conc#0" [stack: 0x0000003287c00000,0x0000003287d00000] [id=39820]
  0x00000141296d9140 ConcurrentGCThread "G1 Refine#0" [stack: 0x0000003287d00000,0x0000003287e00000] [id=23300]
  0x00000141296d9b90 ConcurrentGCThread "G1 Service" [stack: 0x0000003287e00000,0x0000003287f00000] [id=10500]

Threads with active compile tasks:
C2 CompilerThread0     3792 2601       4       java.lang.invoke.MethodType::makeImpl (109 bytes)

VM state: not at safepoint (normal execution)

VM Mutex/Monitor currently owned by a thread: None

Heap address: 0x0000000702000000, size: 4064 MB, Compressed Oops mode: Zero based, Oop shift amount: 3

CDS archive(s) mapped at: [0x0000000800000000-0x0000000800c40000-0x0000000800c40000), size 12845056, SharedBaseAddress: 0x0000000800000000, ArchiveRelocationMode: 0.
Compressed class space mapped at: 0x0000000801000000-0x0000000841000000, reserved size: 1073741824
Narrow klass base: 0x0000000800000000, Narrow klass shift: 0, Narrow klass range: 0x100000000

GC Precious Log:
 CardTable entry size: 512
 Card Set container configuration: InlinePtr #cards 4 size 8 Array Of Cards #cards 8 size 32 Howl #buckets 8 coarsen threshold 3686 Howl Bitmap #cards 512 size 80 coarsen threshold 460 Card regions per heap region 1 cards per card region 4096
 CPUs: 4 total, 4 available
 Memory: 16253M
 Large Page Support: Disabled
 NUMA Support: Disabled
 Compressed Oops: Enabled (Zero based)
 Heap Region Size: 2M
 Heap Min Capacity: 8M
 Heap Initial Capacity: 254M
 Heap Max Capacity: 4064M
 Pre-touch: Disabled
 Parallel Workers: 4
 Concurrent Workers: 1
 Concurrent Refinement Workers: 4
 Periodic GC: Disabled

Heap:
 garbage-first heap   total 260096K, used 51851K [0x0000000702000000, 0x0000000800000000)
  region size 2048K, 22 young (45056K), 2 survivors (4096K)
 Metaspace       used 18713K, committed 18944K, reserved 1114112K
  class space    used 2104K, committed 2240K, reserved 1048576K

Heap Regions: E=young(eden), S=young(survivor), O=old, HS=humongous(starts), HC=humongous(continues), CS=collection set, F=free, OA=open archive, CA=closed archive, TAMS=top-at-mark-start (previous, next)
|   0|0x0000000702000000, 0x0000000702200000, 0x0000000702200000|100%| O|  |TAMS 0x0000000702000000, 0x0000000702000000| Untracked 
|   1|0x0000000702200000, 0x0000000702400000, 0x0000000702400000|100%| O|  |TAMS 0x0000000702200000, 0x0000000702200000| Untracked 
|   2|0x0000000702400000, 0x0000000702600000, 0x0000000702600000|100%| O|  |TAMS 0x0000000702400000, 0x0000000702400000| Untracked 
|   3|0x0000000702600000, 0x0000000702800000, 0x0000000702800000|100%| O|  |TAMS 0x0000000702600000, 0x0000000702600000| Untracked 
|   4|0x0000000702800000, 0x00000007028ce000, 0x0000000702a00000| 40%| O|  |TAMS 0x0000000702800000, 0x0000000702800000| Untracked 
|   5|0x0000000702a00000, 0x0000000702a00000, 0x0000000702c00000|  0%| F|  |TAMS 0x0000000702a00000, 0x0000000702a00000| Untracked 
|   6|0x0000000702c00000, 0x0000000702c00000, 0x0000000702e00000|  0%| F|  |TAMS 0x0000000702c00000, 0x0000000702c00000| Untracked 
|   7|0x0000000702e00000, 0x0000000702e00000, 0x0000000703000000|  0%| F|  |TAMS 0x0000000702e00000, 0x0000000702e00000| Untracked 
|   8|0x0000000703000000, 0x0000000703000000, 0x0000000703200000|  0%| F|  |TAMS 0x0000000703000000, 0x0000000703000000| Untracked 
|   9|0x0000000703200000, 0x0000000703200000, 0x0000000703400000|  0%| F|  |TAMS 0x0000000703200000, 0x0000000703200000| Untracked 
|  10|0x0000000703400000, 0x0000000703400000, 0x0000000703600000|  0%| F|  |TAMS 0x0000000703400000, 0x0000000703400000| Untracked 
|  11|0x0000000703600000, 0x0000000703600000, 0x0000000703800000|  0%| F|  |TAMS 0x0000000703600000, 0x0000000703600000| Untracked 
|  12|0x0000000703800000, 0x0000000703800000, 0x0000000703a00000|  0%| F|  |TAMS 0x0000000703800000, 0x0000000703800000| Untracked 
|  13|0x0000000703a00000, 0x0000000703a00000, 0x0000000703c00000|  0%| F|  |TAMS 0x0000000703a00000, 0x0000000703a00000| Untracked 
|  14|0x0000000703c00000, 0x0000000703c00000, 0x0000000703e00000|  0%| F|  |TAMS 0x0000000703c00000, 0x0000000703c00000| Untracked 
|  15|0x0000000703e00000, 0x0000000703e00000, 0x0000000704000000|  0%| F|  |TAMS 0x0000000703e00000, 0x0000000703e00000| Untracked 
|  16|0x0000000704000000, 0x0000000704000000, 0x0000000704200000|  0%| F|  |TAMS 0x0000000704000000, 0x0000000704000000| Untracked 
|  17|0x0000000704200000, 0x0000000704200000, 0x0000000704400000|  0%| F|  |TAMS 0x0000000704200000, 0x0000000704200000| Untracked 
|  18|0x0000000704400000, 0x0000000704400000, 0x0000000704600000|  0%| F|  |TAMS 0x0000000704400000, 0x0000000704400000| Untracked 
|  19|0x0000000704600000, 0x0000000704600000, 0x0000000704800000|  0%| F|  |TAMS 0x0000000704600000, 0x0000000704600000| Untracked 
|  20|0x0000000704800000, 0x0000000704800000, 0x0000000704a00000|  0%| F|  |TAMS 0x0000000704800000, 0x0000000704800000| Untracked 
|  21|0x0000000704a00000, 0x0000000704a00000, 0x0000000704c00000|  0%| F|  |TAMS 0x0000000704a00000, 0x0000000704a00000| Untracked 
|  22|0x0000000704c00000, 0x0000000704c00000, 0x0000000704e00000|  0%| F|  |TAMS 0x0000000704c00000, 0x0000000704c00000| Untracked 
|  23|0x0000000704e00000, 0x0000000704e00000, 0x0000000705000000|  0%| F|  |TAMS 0x0000000704e00000, 0x0000000704e00000| Untracked 
|  24|0x0000000705000000, 0x0000000705000000, 0x0000000705200000|  0%| F|  |TAMS 0x0000000705000000, 0x0000000705000000| Untracked 
|  25|0x0000000705200000, 0x0000000705200000, 0x0000000705400000|  0%| F|  |TAMS 0x0000000705200000, 0x0000000705200000| Untracked 
|  26|0x0000000705400000, 0x0000000705400000, 0x0000000705600000|  0%| F|  |TAMS 0x0000000705400000, 0x0000000705400000| Untracked 
|  27|0x0000000705600000, 0x0000000705600000, 0x0000000705800000|  0%| F|  |TAMS 0x0000000705600000, 0x0000000705600000| Untracked 
|  28|0x0000000705800000, 0x0000000705800000, 0x0000000705a00000|  0%| F|  |TAMS 0x0000000705800000, 0x0000000705800000| Untracked 
|  29|0x0000000705a00000, 0x0000000705a00000, 0x0000000705c00000|  0%| F|  |TAMS 0x0000000705a00000, 0x0000000705a00000| Untracked 
|  30|0x0000000705c00000, 0x0000000705c00000, 0x0000000705e00000|  0%| F|  |TAMS 0x0000000705c00000, 0x0000000705c00000| Untracked 
|  31|0x0000000705e00000, 0x0000000705e00000, 0x0000000706000000|  0%| F|  |TAMS 0x0000000705e00000, 0x0000000705e00000| Untracked 
|  32|0x0000000706000000, 0x0000000706000000, 0x0000000706200000|  0%| F|  |TAMS 0x0000000706000000, 0x0000000706000000| Untracked 
|  33|0x0000000706200000, 0x0000000706200000, 0x0000000706400000|  0%| F|  |TAMS 0x0000000706200000, 0x0000000706200000| Untracked 
|  34|0x0000000706400000, 0x0000000706400000, 0x0000000706600000|  0%| F|  |TAMS 0x0000000706400000, 0x0000000706400000| Untracked 
|  35|0x0000000706600000, 0x0000000706600000, 0x0000000706800000|  0%| F|  |TAMS 0x0000000706600000, 0x0000000706600000| Untracked 
|  36|0x0000000706800000, 0x0000000706800000, 0x0000000706a00000|  0%| F|  |TAMS 0x0000000706800000, 0x0000000706800000| Untracked 
|  37|0x0000000706a00000, 0x0000000706a00000, 0x0000000706c00000|  0%| F|  |TAMS 0x0000000706a00000, 0x0000000706a00000| Untracked 
|  38|0x0000000706c00000, 0x0000000706c00000, 0x0000000706e00000|  0%| F|  |TAMS 0x0000000706c00000, 0x0000000706c00000| Untracked 
|  39|0x0000000706e00000, 0x0000000706e00000, 0x0000000707000000|  0%| F|  |TAMS 0x0000000706e00000, 0x0000000706e00000| Untracked 
|  40|0x0000000707000000, 0x0000000707000000, 0x0000000707200000|  0%| F|  |TAMS 0x0000000707000000, 0x0000000707000000| Untracked 
|  41|0x0000000707200000, 0x0000000707200000, 0x0000000707400000|  0%| F|  |TAMS 0x0000000707200000, 0x0000000707200000| Untracked 
|  42|0x0000000707400000, 0x0000000707400000, 0x0000000707600000|  0%| F|  |TAMS 0x0000000707400000, 0x0000000707400000| Untracked 
|  43|0x0000000707600000, 0x0000000707600000, 0x0000000707800000|  0%| F|  |TAMS 0x0000000707600000, 0x0000000707600000| Untracked 
|  44|0x0000000707800000, 0x0000000707800000, 0x0000000707a00000|  0%| F|  |TAMS 0x0000000707800000, 0x0000000707800000| Untracked 
|  45|0x0000000707a00000, 0x0000000707a00000, 0x0000000707c00000|  0%| F|  |TAMS 0x0000000707a00000, 0x0000000707a00000| Untracked 
|  46|0x0000000707c00000, 0x0000000707c00000, 0x0000000707e00000|  0%| F|  |TAMS 0x0000000707c00000, 0x0000000707c00000| Untracked 
|  47|0x0000000707e00000, 0x0000000707e00000, 0x0000000708000000|  0%| F|  |TAMS 0x0000000707e00000, 0x0000000707e00000| Untracked 
|  48|0x0000000708000000, 0x0000000708000000, 0x0000000708200000|  0%| F|  |TAMS 0x0000000708000000, 0x0000000708000000| Untracked 
|  49|0x0000000708200000, 0x0000000708200000, 0x0000000708400000|  0%| F|  |TAMS 0x0000000708200000, 0x0000000708200000| Untracked 
|  50|0x0000000708400000, 0x0000000708400000, 0x0000000708600000|  0%| F|  |TAMS 0x0000000708400000, 0x0000000708400000| Untracked 
|  51|0x0000000708600000, 0x0000000708600000, 0x0000000708800000|  0%| F|  |TAMS 0x0000000708600000, 0x0000000708600000| Untracked 
|  52|0x0000000708800000, 0x0000000708800000, 0x0000000708a00000|  0%| F|  |TAMS 0x0000000708800000, 0x0000000708800000| Untracked 
|  53|0x0000000708a00000, 0x0000000708a00000, 0x0000000708c00000|  0%| F|  |TAMS 0x0000000708a00000, 0x0000000708a00000| Untracked 
|  54|0x0000000708c00000, 0x0000000708c00000, 0x0000000708e00000|  0%| F|  |TAMS 0x0000000708c00000, 0x0000000708c00000| Untracked 
|  55|0x0000000708e00000, 0x0000000708e00000, 0x0000000709000000|  0%| F|  |TAMS 0x0000000708e00000, 0x0000000708e00000| Untracked 
|  56|0x0000000709000000, 0x0000000709000000, 0x0000000709200000|  0%| F|  |TAMS 0x0000000709000000, 0x0000000709000000| Untracked 
|  57|0x0000000709200000, 0x0000000709200000, 0x0000000709400000|  0%| F|  |TAMS 0x0000000709200000, 0x0000000709200000| Untracked 
|  58|0x0000000709400000, 0x0000000709400000, 0x0000000709600000|  0%| F|  |TAMS 0x0000000709400000, 0x0000000709400000| Untracked 
|  59|0x0000000709600000, 0x0000000709600000, 0x0000000709800000|  0%| F|  |TAMS 0x0000000709600000, 0x0000000709600000| Untracked 
|  60|0x0000000709800000, 0x0000000709800000, 0x0000000709a00000|  0%| F|  |TAMS 0x0000000709800000, 0x0000000709800000| Untracked 
|  61|0x0000000709a00000, 0x0000000709a00000, 0x0000000709c00000|  0%| F|  |TAMS 0x0000000709a00000, 0x0000000709a00000| Untracked 
|  62|0x0000000709c00000, 0x0000000709c00000, 0x0000000709e00000|  0%| F|  |TAMS 0x0000000709c00000, 0x0000000709c00000| Untracked 
|  63|0x0000000709e00000, 0x0000000709e00000, 0x000000070a000000|  0%| F|  |TAMS 0x0000000709e00000, 0x0000000709e00000| Untracked 
|  64|0x000000070a000000, 0x000000070a000000, 0x000000070a200000|  0%| F|  |TAMS 0x000000070a000000, 0x000000070a000000| Untracked 
|  65|0x000000070a200000, 0x000000070a200000, 0x000000070a400000|  0%| F|  |TAMS 0x000000070a200000, 0x000000070a200000| Untracked 
|  66|0x000000070a400000, 0x000000070a400000, 0x000000070a600000|  0%| F|  |TAMS 0x000000070a400000, 0x000000070a400000| Untracked 
|  67|0x000000070a600000, 0x000000070a600000, 0x000000070a800000|  0%| F|  |TAMS 0x000000070a600000, 0x000000070a600000| Untracked 
|  68|0x000000070a800000, 0x000000070a800000, 0x000000070aa00000|  0%| F|  |TAMS 0x000000070a800000, 0x000000070a800000| Untracked 
|  69|0x000000070aa00000, 0x000000070aa00000, 0x000000070ac00000|  0%| F|  |TAMS 0x000000070aa00000, 0x000000070aa00000| Untracked 
|  70|0x000000070ac00000, 0x000000070ac00000, 0x000000070ae00000|  0%| F|  |TAMS 0x000000070ac00000, 0x000000070ac00000| Untracked 
|  71|0x000000070ae00000, 0x000000070ae00000, 0x000000070b000000|  0%| F|  |TAMS 0x000000070ae00000, 0x000000070ae00000| Untracked 
|  72|0x000000070b000000, 0x000000070b000000, 0x000000070b200000|  0%| F|  |TAMS 0x000000070b000000, 0x000000070b000000| Untracked 
|  73|0x000000070b200000, 0x000000070b200000, 0x000000070b400000|  0%| F|  |TAMS 0x000000070b200000, 0x000000070b200000| Untracked 
|  74|0x000000070b400000, 0x000000070b400000, 0x000000070b600000|  0%| F|  |TAMS 0x000000070b400000, 0x000000070b400000| Untracked 
|  75|0x000000070b600000, 0x000000070b600000, 0x000000070b800000|  0%| F|  |TAMS 0x000000070b600000, 0x000000070b600000| Untracked 
|  76|0x000000070b800000, 0x000000070b800000, 0x000000070ba00000|  0%| F|  |TAMS 0x000000070b800000, 0x000000070b800000| Untracked 
|  77|0x000000070ba00000, 0x000000070ba00000, 0x000000070bc00000|  0%| F|  |TAMS 0x000000070ba00000, 0x000000070ba00000| Untracked 
|  78|0x000000070bc00000, 0x000000070bc00000, 0x000000070be00000|  0%| F|  |TAMS 0x000000070bc00000, 0x000000070bc00000| Untracked 
|  79|0x000000070be00000, 0x000000070be00000, 0x000000070c000000|  0%| F|  |TAMS 0x000000070be00000, 0x000000070be00000| Untracked 
|  80|0x000000070c000000, 0x000000070c000000, 0x000000070c200000|  0%| F|  |TAMS 0x000000070c000000, 0x000000070c000000| Untracked 
|  81|0x000000070c200000, 0x000000070c200000, 0x000000070c400000|  0%| F|  |TAMS 0x000000070c200000, 0x000000070c200000| Untracked 
|  82|0x000000070c400000, 0x000000070c400000, 0x000000070c600000|  0%| F|  |TAMS 0x000000070c400000, 0x000000070c400000| Untracked 
|  83|0x000000070c600000, 0x000000070c600000, 0x000000070c800000|  0%| F|  |TAMS 0x000000070c600000, 0x000000070c600000| Untracked 
|  84|0x000000070c800000, 0x000000070c800000, 0x000000070ca00000|  0%| F|  |TAMS 0x000000070c800000, 0x000000070c800000| Untracked 
|  85|0x000000070ca00000, 0x000000070ca00000, 0x000000070cc00000|  0%| F|  |TAMS 0x000000070ca00000, 0x000000070ca00000| Untracked 
|  86|0x000000070cc00000, 0x000000070cc00000, 0x000000070ce00000|  0%| F|  |TAMS 0x000000070cc00000, 0x000000070cc00000| Untracked 
|  87|0x000000070ce00000, 0x000000070ce00000, 0x000000070d000000|  0%| F|  |TAMS 0x000000070ce00000, 0x000000070ce00000| Untracked 
|  88|0x000000070d000000, 0x000000070d000000, 0x000000070d200000|  0%| F|  |TAMS 0x000000070d000000, 0x000000070d000000| Untracked 
|  89|0x000000070d200000, 0x000000070d200000, 0x000000070d400000|  0%| F|  |TAMS 0x000000070d200000, 0x000000070d200000| Untracked 
|  90|0x000000070d400000, 0x000000070d400000, 0x000000070d600000|  0%| F|  |TAMS 0x000000070d400000, 0x000000070d400000| Untracked 
|  91|0x000000070d600000, 0x000000070d600000, 0x000000070d800000|  0%| F|  |TAMS 0x000000070d600000, 0x000000070d600000| Untracked 
|  92|0x000000070d800000, 0x000000070d800000, 0x000000070da00000|  0%| F|  |TAMS 0x000000070d800000, 0x000000070d800000| Untracked 
|  93|0x000000070da00000, 0x000000070da00000, 0x000000070dc00000|  0%| F|  |TAMS 0x000000070da00000, 0x000000070da00000| Untracked 
|  94|0x000000070dc00000, 0x000000070dc00000, 0x000000070de00000|  0%| F|  |TAMS 0x000000070dc00000, 0x000000070dc00000| Untracked 
|  95|0x000000070de00000, 0x000000070de00000, 0x000000070e000000|  0%| F|  |TAMS 0x000000070de00000, 0x000000070de00000| Untracked 
|  96|0x000000070e000000, 0x000000070e000000, 0x000000070e200000|  0%| F|  |TAMS 0x000000070e000000, 0x000000070e000000| Untracked 
|  97|0x000000070e200000, 0x000000070e200000, 0x000000070e400000|  0%| F|  |TAMS 0x000000070e200000, 0x000000070e200000| Untracked 
|  98|0x000000070e400000, 0x000000070e400000, 0x000000070e600000|  0%| F|  |TAMS 0x000000070e400000, 0x000000070e400000| Untracked 
|  99|0x000000070e600000, 0x000000070e600000, 0x000000070e800000|  0%| F|  |TAMS 0x000000070e600000, 0x000000070e600000| Untracked 
| 100|0x000000070e800000, 0x000000070e800000, 0x000000070ea00000|  0%| F|  |TAMS 0x000000070e800000, 0x000000070e800000| Untracked 
| 101|0x000000070ea00000, 0x000000070ea00000, 0x000000070ec00000|  0%| F|  |TAMS 0x000000070ea00000, 0x000000070ea00000| Untracked 
| 102|0x000000070ec00000, 0x000000070ec00000, 0x000000070ee00000|  0%| F|  |TAMS 0x000000070ec00000, 0x000000070ec00000| Untracked 
| 103|0x000000070ee00000, 0x000000070ee00000, 0x000000070f000000|  0%| F|  |TAMS 0x000000070ee00000, 0x000000070ee00000| Untracked 
| 104|0x000000070f000000, 0x000000070f000000, 0x000000070f200000|  0%| F|  |TAMS 0x000000070f000000, 0x000000070f000000| Untracked 
| 105|0x000000070f200000, 0x000000070f32ec28, 0x000000070f400000| 59%| E|  |TAMS 0x000000070f200000, 0x000000070f200000| Complete 
| 106|0x000000070f400000, 0x000000070f600000, 0x000000070f600000|100%| E|CS|TAMS 0x000000070f400000, 0x000000070f400000| Complete 
| 107|0x000000070f600000, 0x000000070f800000, 0x000000070f800000|100%| E|CS|TAMS 0x000000070f600000, 0x000000070f600000| Complete 
| 108|0x000000070f800000, 0x000000070fa00000, 0x000000070fa00000|100%| E|CS|TAMS 0x000000070f800000, 0x000000070f800000| Complete 
| 109|0x000000070fa00000, 0x000000070fc00000, 0x000000070fc00000|100%| E|CS|TAMS 0x000000070fa00000, 0x000000070fa00000| Complete 
| 110|0x000000070fc00000, 0x000000070fe00000, 0x000000070fe00000|100%| E|CS|TAMS 0x000000070fc00000, 0x000000070fc00000| Complete 
| 111|0x000000070fe00000, 0x0000000710000000, 0x0000000710000000|100%| E|CS|TAMS 0x000000070fe00000, 0x000000070fe00000| Complete 
| 112|0x0000000710000000, 0x0000000710200000, 0x0000000710200000|100%| E|CS|TAMS 0x0000000710000000, 0x0000000710000000| Complete 
| 113|0x0000000710200000, 0x00000007103d4f00, 0x0000000710400000| 91%| S|CS|TAMS 0x0000000710200000, 0x0000000710200000| Complete 
| 114|0x0000000710400000, 0x0000000710600000, 0x0000000710600000|100%| S|CS|TAMS 0x0000000710400000, 0x0000000710400000| Complete 
| 115|0x0000000710600000, 0x0000000710800000, 0x0000000710800000|100%| E|CS|TAMS 0x0000000710600000, 0x0000000710600000| Complete 
| 116|0x0000000710800000, 0x0000000710a00000, 0x0000000710a00000|100%| E|CS|TAMS 0x0000000710800000, 0x0000000710800000| Complete 
| 117|0x0000000710a00000, 0x0000000710c00000, 0x0000000710c00000|100%| E|CS|TAMS 0x0000000710a00000, 0x0000000710a00000| Complete 
| 118|0x0000000710c00000, 0x0000000710e00000, 0x0000000710e00000|100%| E|CS|TAMS 0x0000000710c00000, 0x0000000710c00000| Complete 
| 119|0x0000000710e00000, 0x0000000711000000, 0x0000000711000000|100%| E|CS|TAMS 0x0000000710e00000, 0x0000000710e00000| Complete 
| 120|0x0000000711000000, 0x0000000711200000, 0x0000000711200000|100%| E|CS|TAMS 0x0000000711000000, 0x0000000711000000| Complete 
| 121|0x0000000711200000, 0x0000000711400000, 0x0000000711400000|100%| E|CS|TAMS 0x0000000711200000, 0x0000000711200000| Complete 
| 122|0x0000000711400000, 0x0000000711600000, 0x0000000711600000|100%| E|CS|TAMS 0x0000000711400000, 0x0000000711400000| Complete 
| 123|0x0000000711600000, 0x0000000711800000, 0x0000000711800000|100%| E|CS|TAMS 0x0000000711600000, 0x0000000711600000| Complete 
| 124|0x0000000711800000, 0x0000000711a00000, 0x0000000711a00000|100%| E|CS|TAMS 0x0000000711800000, 0x0000000711800000| Complete 
| 125|0x0000000711a00000, 0x0000000711c00000, 0x0000000711c00000|100%| E|CS|TAMS 0x0000000711a00000, 0x0000000711a00000| Complete 
| 126|0x0000000711c00000, 0x0000000711e00000, 0x0000000711e00000|100%| E|CS|TAMS 0x0000000711c00000, 0x0000000711c00000| Complete 

Card table byte_map: [0x000001411e460000,0x000001411ec50000] _byte_map_base: 0x000001411ac50000

Marking Bits (Prev, Next): (CMBitMap*) 0x0000014106db0540, (CMBitMap*) 0x0000014106db0580
 Prev Bits: [0x000001411f440000, 0x00000141233c0000)
 Next Bits: [0x00000141233c0000, 0x0000014127340000)

Polling page: 0x0000014104c50000

Metaspace:

Usage:
  Non-class:     16.22 MB used.
      Class:      2.06 MB used.
       Both:     18.27 MB used.

Virtual space:
  Non-class space:       64.00 MB reserved,      16.31 MB ( 25%) committed,  1 nodes.
      Class space:        1.00 GB reserved,       2.19 MB ( <1%) committed,  1 nodes.
             Both:        1.06 GB reserved,      18.50 MB (  2%) committed. 

Chunk freelists:
   Non-Class:  3.39 MB
       Class:  1.86 MB
        Both:  5.25 MB

MaxMetaspaceSize: unlimited
CompressedClassSpaceSize: 1.00 GB
Initial GC threshold: 21.00 MB
Current GC threshold: 21.00 MB
CDS: on
MetaspaceReclaimPolicy: balanced
 - commit_granule_bytes: 65536.
 - commit_granule_words: 8192.
 - virtual_space_node_default_size: 8388608.
 - enlarge_chunks_in_place: 1.
 - new_chunks_are_fully_committed: 0.
 - uncommit_free_chunks: 1.
 - use_allocation_guard: 0.


Internal statistics:

num_allocs_failed_limit: 0.
num_arena_births: 152.
num_arena_deaths: 0.
num_vsnodes_births: 2.
num_vsnodes_deaths: 0.
num_space_committed: 296.
num_space_uncommitted: 0.
num_chunks_returned_to_freelist: 0.
num_chunks_taken_from_freelist: 625.
num_chunk_merges: 0.
num_chunk_splits: 442.
num_chunks_enlarged: 366.
num_inconsistent_stats: 0.

CodeHeap 'non-profiled nmethods': size=120000Kb used=972Kb max_used=972Kb free=119027Kb
 bounds [0x0000014116740000, 0x00000141169b0000, 0x000001411dc70000]
CodeHeap 'profiled nmethods': size=120000Kb used=5269Kb max_used=5269Kb free=114730Kb
 bounds [0x000001410ec70000, 0x000001410f1a0000, 0x00000141161a0000]
CodeHeap 'non-nmethods': size=5760Kb used=1310Kb max_used=1329Kb free=4449Kb
 bounds [0x00000141161a0000, 0x0000014116410000, 0x0000014116740000]
 total_blobs=3136 nmethods=2602 adapters=444
 compilation: enabled
              stopped_count=0, restarted_count=0
 full_count=0

Compilation events (20 events):
Event: 3.699 Thread 0x0000014129856150 nmethod 2593 0x000001410f193090 code [0x000001410f193240, 0x000001410f193438]
Event: 3.700 Thread 0x0000014129856150 2594       3       java.nio.MappedByteBuffer::limit (8 bytes)
Event: 3.700 Thread 0x0000014129856150 nmethod 2594 0x000001410f193510 code [0x000001410f1936c0, 0x000001410f193868]
Event: 3.700 Thread 0x0000014129856150 2595       3       sun.nio.ch.Util::isBufferTooLarge (15 bytes)
Event: 3.700 Thread 0x0000014129856150 nmethod 2595 0x000001410f193910 code [0x000001410f193aa0, 0x000001410f193bf8]
Event: 3.716 Thread 0x0000014129856150 2596       3       java.lang.StringBuilder::append (6 bytes)
Event: 3.717 Thread 0x0000014129856150 nmethod 2596 0x000001410f193c90 code [0x000001410f193e40, 0x000001410f193fe8]
Event: 3.717 Thread 0x0000014129856150 2597       3       com.google.common.base.CharMatcher$And::matches (28 bytes)
Event: 3.717 Thread 0x0000014129856150 nmethod 2597 0x000001410f194090 code [0x000001410f194260, 0x000001410f1945b8]
Event: 3.717 Thread 0x0000014129856150 2598       3       com.google.common.base.CharMatcher$Negated::matches (17 bytes)
Event: 3.717 Thread 0x0000014129856150 nmethod 2598 0x000001410f194710 code [0x000001410f1948c0, 0x000001410f194ae8]
Event: 3.717 Thread 0x0000014129856150 2599       1       java.util.AbstractMap$SimpleImmutableEntry::getKey (5 bytes)
Event: 3.717 Thread 0x0000014129856150 nmethod 2599 0x0000014116832c10 code [0x0000014116832da0, 0x0000014116832e78]
Event: 3.717 Thread 0x0000014129856150 2600       1       java.util.AbstractMap$SimpleImmutableEntry::getValue (5 bytes)
Event: 3.717 Thread 0x0000014129856150 nmethod 2600 0x0000014116832f10 code [0x00000141168330a0, 0x0000014116833178]
Event: 3.718 Thread 0x00000141298557e0 2601       4       java.lang.invoke.MethodType::makeImpl (109 bytes)
Event: 3.720 Thread 0x0000014129856150 2603       3       java.nio.MappedByteBuffer::limit (6 bytes)
Event: 3.721 Thread 0x0000014129856150 nmethod 2603 0x000001410f194b90 code [0x000001410f194d40, 0x000001410f194f48]
Event: 3.721 Thread 0x0000014129856150 2604       3       java.lang.Thread::isVirtual (5 bytes)
Event: 3.721 Thread 0x0000014129856150 nmethod 2604 0x000001410f195090 code [0x000001410f195240, 0x000001410f195458]

GC Heap History (6 events):
Event: 0.472 GC heap before
{Heap before GC invocations=0 (full 0):
 garbage-first heap   total 260096K, used 10240K [0x0000000702000000, 0x0000000800000000)
  region size 2048K, 6 young (12288K), 0 survivors (0K)
 Metaspace       used 1401K, committed 1600K, reserved 1114112K
  class space    used 133K, committed 256K, reserved 1048576K
}
Event: 0.476 GC heap after
{Heap after GC invocations=1 (full 0):
 garbage-first heap   total 260096K, used 9238K [0x0000000702000000, 0x0000000800000000)
  region size 2048K, 1 young (2048K), 1 survivors (2048K)
 Metaspace       used 1401K, committed 1600K, reserved 1114112K
  class space    used 133K, committed 256K, reserved 1048576K
}
Event: 0.865 GC heap before
{Heap before GC invocations=1 (full 0):
 garbage-first heap   total 260096K, used 19478K [0x0000000702000000, 0x0000000800000000)
  region size 2048K, 6 young (12288K), 1 survivors (2048K)
 Metaspace       used 5311K, committed 5440K, reserved 1114112K
  class space    used 528K, committed 576K, reserved 1048576K
}
Event: 0.867 GC heap after
{Heap after GC invocations=2 (full 0):
 garbage-first heap   total 260096K, used 9978K [0x0000000702000000, 0x0000000800000000)
  region size 2048K, 1 young (2048K), 1 survivors (2048K)
 Metaspace       used 5311K, committed 5440K, reserved 1114112K
  class space    used 528K, committed 576K, reserved 1048576K
}
Event: 1.697 GC heap before
{Heap before GC invocations=2 (full 0):
 garbage-first heap   total 260096K, used 32506K [0x0000000702000000, 0x0000000800000000)
  region size 2048K, 12 young (24576K), 1 survivors (2048K)
 Metaspace       used 12054K, committed 12224K, reserved 1114112K
  class space    used 1259K, committed 1344K, reserved 1048576K
}
Event: 1.702 GC heap after
{Heap after GC invocations=3 (full 0):
 garbage-first heap   total 260096K, used 12939K [0x0000000702000000, 0x0000000800000000)
  region size 2048K, 2 young (4096K), 2 survivors (4096K)
 Metaspace       used 12054K, committed 12224K, reserved 1114112K
  class space    used 1259K, committed 1344K, reserved 1048576K
}

Dll operation events (9 events):
Event: 0.019 Loaded shared library C:\Program Files\Java\jdk-19\bin\java.dll
Event: 0.030 Loaded shared library C:\Program Files\Java\jdk-19\bin\jsvml.dll
Event: 0.223 Loaded shared library C:\Program Files\Java\jdk-19\bin\net.dll
Event: 0.231 Loaded shared library C:\Program Files\Java\jdk-19\bin\nio.dll
Event: 0.242 Loaded shared library C:\Program Files\Java\jdk-19\bin\zip.dll
Event: 0.274 Loaded shared library C:\Program Files\Java\jdk-19\bin\jimage.dll
Event: 0.619 Loaded shared library C:\Program Files\Java\jdk-19\bin\verify.dll
Event: 1.499 Loaded shared library C:\Program Files\Java\jdk-19\bin\sunmscapi.dll
Event: 2.059 Loaded shared library C:\Program Files\Java\jdk-19\bin\extnet.dll

Deoptimization events (20 events):
Event: 2.641 Thread 0x0000014106d3fb00 Uncommon trap: trap_request=0xffffffde fr.pc=0x00000141167eb898 relative=0x0000000000000158
Event: 2.641 Thread 0x0000014106d3fb00 Uncommon trap: reason=class_check action=maybe_recompile pc=0x00000141167eb898 method=java.util.regex.Pattern.lambda$union$3(Ljava/util/regex/Pattern$CharPredicate;Ljava/util/regex/Pattern$CharPredicate;I)Z @ 12 c2
Event: 2.641 Thread 0x0000014106d3fb00 DEOPT PACKING pc=0x00000141167eb898 sp=0x00000032879fd530
Event: 2.641 Thread 0x0000014106d3fb00 DEOPT UNPACKING pc=0x0000014116206da3 sp=0x00000032879fd448 mode 2
Event: 2.641 Thread 0x0000014106d3fb00 Uncommon trap: trap_request=0xffffffde fr.pc=0x00000141167eb898 relative=0x0000000000000158
Event: 2.641 Thread 0x0000014106d3fb00 Uncommon trap: reason=class_check action=maybe_recompile pc=0x00000141167eb898 method=java.util.regex.Pattern.lambda$union$3(Ljava/util/regex/Pattern$CharPredicate;Ljava/util/regex/Pattern$CharPredicate;I)Z @ 12 c2
Event: 2.641 Thread 0x0000014106d3fb00 DEOPT PACKING pc=0x00000141167eb898 sp=0x00000032879fd560
Event: 2.641 Thread 0x0000014106d3fb00 DEOPT UNPACKING pc=0x0000014116206da3 sp=0x00000032879fd478 mode 2
Event: 2.694 Thread 0x000001412ee235b0 Uncommon trap: trap_request=0xffffffc6 fr.pc=0x00000141167a5d70 relative=0x0000000000000230
Event: 2.694 Thread 0x000001412ee235b0 Uncommon trap: reason=bimorphic_or_optimized_type_check action=maybe_recompile pc=0x00000141167a5d70 method=java.util.concurrent.locks.AbstractQueuedSynchronizer.release(I)Z @ 2 c2
Event: 2.694 Thread 0x000001412ee235b0 DEOPT PACKING pc=0x00000141167a5d70 sp=0x00000032895ff150
Event: 2.694 Thread 0x000001412ee235b0 DEOPT UNPACKING pc=0x0000014116206da3 sp=0x00000032895ff118 mode 2
Event: 3.665 Thread 0x0000014106d3fb00 Uncommon trap: trap_request=0xffffff45 fr.pc=0x000001411680c780 relative=0x0000000000000060
Event: 3.665 Thread 0x0000014106d3fb00 Uncommon trap: reason=unstable_if action=reinterpret pc=0x000001411680c780 method=java.util.LinkedHashMap.keySet()Ljava/util/Set; @ 6 c2
Event: 3.665 Thread 0x0000014106d3fb00 DEOPT PACKING pc=0x000001411680c780 sp=0x00000032879fd390
Event: 3.665 Thread 0x0000014106d3fb00 DEOPT UNPACKING pc=0x0000014116206da3 sp=0x00000032879fd328 mode 2
Event: 3.668 Thread 0x0000014106d3fb00 Uncommon trap: trap_request=0xffffffcc fr.pc=0x00000141168076cc relative=0x000000000000032c
Event: 3.668 Thread 0x0000014106d3fb00 Uncommon trap: reason=intrinsic_or_type_checked_inlining action=make_not_entrant pc=0x00000141168076cc method=java.util.Arrays.copyOf([Ljava/lang/Object;ILjava/lang/Class;)[Ljava/lang/Object; @ 35 c2
Event: 3.668 Thread 0x0000014106d3fb00 DEOPT PACKING pc=0x00000141168076cc sp=0x00000032879fd700
Event: 3.668 Thread 0x0000014106d3fb00 DEOPT UNPACKING pc=0x0000014116206da3 sp=0x00000032879fd6a8 mode 2

Classes loaded (20 events):
Event: 2.682 Loading class java/net/SocksSocketImpl$3
Event: 2.682 Loading class java/net/SocksSocketImpl$3 done
Event: 3.658 Loading class java/math/MathContext
Event: 3.658 Loading class java/math/MathContext done
Event: 3.668 Loading class java/util/logging/LogRecord$CallerFinder
Event: 3.668 Loading class java/util/logging/LogRecord$CallerFinder done
Event: 3.669 Loading class java/lang/StackStreamFactory
Event: 3.670 Loading class java/lang/StackStreamFactory done
Event: 3.670 Loading class java/lang/StackWalker$ExtendedOption
Event: 3.670 Loading class java/lang/StackWalker$ExtendedOption done
Event: 3.670 Loading class java/lang/StackStreamFactory$StackFrameTraverser
Event: 3.671 Loading class java/lang/StackStreamFactory$StackFrameTraverser done
Event: 3.671 Loading class java/lang/StackStreamFactory$WalkerState
Event: 3.671 Loading class java/lang/StackStreamFactory$WalkerState done
Event: 3.671 Loading class java/lang/StackStreamFactory$1
Event: 3.671 Loading class java/lang/StackStreamFactory$1 done
Event: 3.671 Loading class java/lang/StackStreamFactory$StackFrameTraverser$StackFrameBuffer
Event: 3.672 Loading class java/lang/StackStreamFactory$FrameBuffer
Event: 3.672 Loading class java/lang/StackStreamFactory$FrameBuffer done
Event: 3.672 Loading class java/lang/StackStreamFactory$StackFrameTraverser$StackFrameBuffer done

Classes unloaded (0 events):
No events

Classes redefined (0 events):
No events

Internal exceptions (20 events):
Event: 1.365 Thread 0x0000014106d3fb00 Exception <a 'java/lang/NoSuchMethodError'{0x0000000710ef95d8}: 'void java.lang.invoke.DirectMethodHandle$Holder.invokeVirtual(java.lang.Object, java.lang.Object)'> (0x0000000710ef95d8) 
thrown [s\open\src\hotspot\share\interpreter\linkResolver.cpp, line 774]
Event: 1.393 Thread 0x0000014106d3fb00 Exception <a 'java/lang/NoClassDefFoundError'{0x0000000710fc5de8}: org/slf4j/impl/StaticLoggerBinder> (0x0000000710fc5de8) 
thrown [s\open\src\hotspot\share\classfile\systemDictionary.cpp, line 244]
Event: 1.624 Thread 0x0000014106d3fb00 Exception <a 'sun/nio/fs/WindowsException'{0x00000007106fdd00}> (0x00000007106fdd00) 
thrown [s\open\src\hotspot\share\prims\jni.cpp, line 517]
Event: 1.813 Thread 0x0000014106d3fb00 Exception <a 'java/lang/NoSuchMethodError'{0x0000000711b60bb0}: 'java.lang.Object java.lang.invoke.DirectMethodHandle$Holder.invokeVirtual(java.lang.Object, java.lang.Object, java.lang.Object)'> (0x0000000711b60bb0) 
thrown [s\open\src\hotspot\share\interpreter\linkResolver.cpp, line 774]
Event: 2.258 Thread 0x000001412ed62440 Exception <a 'java/net/ConnectException'{0x000000070fe080c8}: Connection refused: no further information> (0x000000070fe080c8) 
thrown [s\open\src\hotspot\share\prims\jni.cpp, line 536]
Event: 2.261 Thread 0x000001412f02f2b0 Exception <a 'java/lang/NoSuchMethodError'{0x0000000710137f70}: 'void java.lang.invoke.DirectMethodHandle$Holder.invokeStatic(java.lang.Object, long)'> (0x0000000710137f70) 
thrown [s\open\src\hotspot\share\interpreter\linkResolver.cpp, line 774]
Event: 2.262 Thread 0x000001412f02f2b0 Exception <a 'java/lang/NoSuchMethodError'{0x000000071013d228}: 'java.lang.Object java.lang.invoke.DirectMethodHandle$Holder.newInvokeSpecial(java.lang.Object, long)'> (0x000000071013d228) 
thrown [s\open\src\hotspot\share\interpreter\linkResolver.cpp, line 774]
Event: 2.264 Thread 0x000001412f02f2b0 Exception <a 'java/lang/NoSuchMethodError'{0x0000000710143f38}: 'java.lang.Object java.lang.invoke.DirectMethodHandle$Holder.invokeStatic(java.lang.Object, long, java.lang.Object)'> (0x0000000710143f38) 
thrown [s\open\src\hotspot\share\interpreter\linkResolver.cpp, line 774]
Event: 2.264 Thread 0x000001412f02f2b0 Exception <a 'java/lang/NoSuchMethodError'{0x00000007101476b8}: 'java.lang.Object java.lang.invoke.DirectMethodHandle$Holder.invokeStaticInit(java.lang.Object, long, java.lang.Object)'> (0x00000007101476b8) 
thrown [s\open\src\hotspot\share\interpreter\linkResolver.cpp, line 774]
Event: 2.284 Thread 0x000001412ed62440 Exception <a 'java/net/ConnectException'{0x000000070fe09270}: Connection refused: no further information> (0x000000070fe09270) 
thrown [s\open\src\hotspot\share\prims\jni.cpp, line 536]
Event: 2.317 Thread 0x000001412ed62440 Exception <a 'java/net/ConnectException'{0x000000070fe0a210}: Connection refused: no further information> (0x000000070fe0a210) 
thrown [s\open\src\hotspot\share\prims\jni.cpp, line 536]
Event: 2.393 Thread 0x0000014106d3fb00 Exception <a 'java/lang/NoSuchMethodError'{0x000000070fc388f0}: 'java.lang.Object java.lang.invoke.DirectMethodHandle$Holder.invokeInterface(java.lang.Object, java.lang.Object, java.lang.Object)'> (0x000000070fc388f0) 
thrown [s\open\src\hotspot\share\interpreter\linkResolver.cpp, line 774]
Event: 2.393 Thread 0x0000014106d3fb00 Exception <a 'java/lang/IncompatibleClassChangeError'{0x000000070fc3bfc0}: Found class java.lang.Object, but interface was expected> (0x000000070fc3bfc0) 
thrown [s\open\src\hotspot\share\interpreter\linkResolver.cpp, line 841]
Event: 2.395 Thread 0x0000014106d3fb00 Exception <a 'java/lang/NoSuchMethodError'{0x000000070fc44a28}: 'int java.lang.invoke.DirectMethodHandle$Holder.invokeSpecialIFC(java.lang.Object, java.lang.Object, java.lang.Object, java.lang.Object)'> (0x000000070fc44a28) 
thrown [s\open\src\hotspot\share\interpreter\linkResolver.cpp, line 774]
Event: 2.396 Thread 0x0000014106d3fb00 Exception <a 'java/lang/NoSuchMethodError'{0x000000070fc4cf30}: 'java.lang.Object java.lang.invoke.DirectMethodHandle$Holder.invokeInterface(java.lang.Object, java.lang.Object, java.lang.Object, java.lang.Object)'> (0x000000070fc4cf30) 
thrown [s\open\src\hotspot\share\interpreter\linkResolver.cpp, line 774]
Event: 2.411 Thread 0x0000014106d3fb00 Exception <a 'java/lang/NoSuchMethodError'{0x000000070fcdb848}: 'void java.lang.invoke.DirectMethodHandle$Holder.invokeInterface(java.lang.Object, java.lang.Object, java.lang.Object)'> (0x000000070fcdb848) 
thrown [s\open\src\hotspot\share\interpreter\linkResolver.cpp, line 774]
Event: 2.424 Thread 0x0000014106d3fb00 Exception <a 'java/lang/NoSuchMethodError'{0x000000070fd30c18}: 'double java.lang.invoke.DirectMethodHandle$Holder.invokeVirtual(java.lang.Object, java.lang.Object)'> (0x000000070fd30c18) 
thrown [s\open\src\hotspot\share\interpreter\linkResolver.cpp, line 774]
Event: 2.425 Thread 0x0000014106d3fb00 Exception <a 'java/lang/NoSuchMethodError'{0x000000070fd378c8}: 'float java.lang.invoke.DirectMethodHandle$Holder.invokeVirtual(java.lang.Object, java.lang.Object)'> (0x000000070fd378c8) 
thrown [s\open\src\hotspot\share\interpreter\linkResolver.cpp, line 774]
Event: 2.426 Thread 0x0000014106d3fb00 Exception <a 'java/lang/NoSuchMethodError'{0x000000070fd40c80}: 'long java.lang.invoke.DirectMethodHandle$Holder.invokeVirtual(java.lang.Object, java.lang.Object)'> (0x000000070fd40c80) 
thrown [s\open\src\hotspot\share\interpreter\linkResolver.cpp, line 774]
Event: 3.662 Thread 0x0000014106d3fb00 Exception <a 'java/lang/NoSuchMethodError'{0x000000070f5e0000}: 'java.lang.Object java.lang.invoke.DirectMethodHandle$Holder.invokeSpecialIFC(java.lang.Object, java.lang.Object, java.lang.Object)'> (0x000000070f5e0000) 
thrown [s\open\src\hotspot\share\interpreter\linkResolver.cpp, line 774]

VM Operations (20 events):
Event: 1.626 Executing VM operation: HandshakeAllThreads
Event: 1.626 Executing VM operation: HandshakeAllThreads done
Event: 1.633 Executing VM operation: HandshakeAllThreads
Event: 1.633 Executing VM operation: HandshakeAllThreads done
Event: 1.672 Executing VM operation: ICBufferFull
Event: 1.672 Executing VM operation: ICBufferFull done
Event: 1.697 Executing VM operation: G1CollectForAllocation
Event: 1.702 Executing VM operation: G1CollectForAllocation done
Event: 1.971 Executing VM operation: HandshakeAllThreads
Event: 1.971 Executing VM operation: HandshakeAllThreads done
Event: 2.200 Executing VM operation: HandshakeAllThreads
Event: 2.200 Executing VM operation: HandshakeAllThreads done
Event: 2.368 Executing VM operation: HandshakeAllThreads
Event: 2.368 Executing VM operation: HandshakeAllThreads done
Event: 2.370 Executing VM operation: HandshakeAllThreads
Event: 2.370 Executing VM operation: HandshakeAllThreads done
Event: 2.372 Executing VM operation: ICBufferFull
Event: 2.372 Executing VM operation: ICBufferFull done
Event: 3.379 Executing VM operation: Cleanup
Event: 3.379 Executing VM operation: Cleanup done

Events (20 events):
Event: 0.053 Thread 0x000001412983ab60 Thread added: 0x000001412983ab60
Event: 0.053 Thread 0x000001412983c4c0 Thread added: 0x000001412983c4c0
Event: 0.054 Thread 0x000001412983f340 Thread added: 0x000001412983f340
Event: 0.054 Thread 0x0000014129842dd0 Thread added: 0x0000014129842dd0
Event: 0.054 Thread 0x0000014129845e90 Thread added: 0x0000014129845e90
Event: 0.054 Thread 0x0000014129847330 Thread added: 0x0000014129847330
Event: 0.054 Thread 0x00000141298557e0 Thread added: 0x00000141298557e0
Event: 0.054 Thread 0x0000014129856150 Thread added: 0x0000014129856150
Event: 0.054 Thread 0x0000014129865a80 Thread added: 0x0000014129865a80
Event: 0.205 Thread 0x000001412dd239a0 Thread added: 0x000001412dd239a0
Event: 0.212 Thread 0x000001412dd30180 Thread added: 0x000001412dd30180
Event: 0.307 Thread 0x000001412de4f370 Thread added: 0x000001412de4f370
Event: 2.242 Thread 0x000001412f02f2b0 Thread added: 0x000001412f02f2b0
Event: 2.248 Thread 0x000001412ed62440 Thread added: 0x000001412ed62440
Event: 2.267 Thread 0x000001412ed7a5a0 Thread added: 0x000001412ed7a5a0
Event: 2.267 Thread 0x000001412ed7aae0 Thread added: 0x000001412ed7aae0
Event: 2.367 Thread 0x000001412de4f370 Thread exited: 0x000001412de4f370
Event: 2.370 Thread 0x000001412de4f370 Thread added: 0x000001412de4f370
Event: 2.694 Thread 0x000001412ee235b0 Thread added: 0x000001412ee235b0
Event: 2.704 Thread 0x000001412ee22b10 Thread added: 0x000001412ee22b10


Dynamic libraries:
0x00007ff7fd160000 - 0x00007ff7fd170000 	C:\Program Files\Java\jdk-19\bin\javaw.exe
0x00007ff97ae50000 - 0x00007ff97b048000 	C:\Windows\SYSTEM32\ntdll.dll
0x00007ff979de0000 - 0x00007ff979e9f000 	C:\Windows\System32\KERNEL32.DLL
0x00007ff978a10000 - 0x00007ff978ce2000 	C:\Windows\System32\KERNELBASE.dll
0x0000000065900000 - 0x00000000659af000 	C:\ProgramData\Symantec\Symantec Endpoint Protection\14.3.5413.3000.105\Data\Sysfer\x64\sysfer.dll
0x00007ff978630000 - 0x00007ff978730000 	C:\Windows\System32\ucrtbase.dll
0x00007ff92feb0000 - 0x00007ff92fec8000 	C:\Program Files\Java\jdk-19\bin\jli.dll
0x00007ff979d30000 - 0x00007ff979dde000 	C:\Windows\System32\ADVAPI32.dll
0x00007ff92e820000 - 0x00007ff92e83b000 	C:\Program Files\Java\jdk-19\bin\VCRUNTIME140.dll
0x00007ff979700000 - 0x00007ff97979e000 	C:\Windows\System32\msvcrt.dll
0x00007ff97a720000 - 0x00007ff97a7bc000 	C:\Windows\System32\sechost.dll
0x00007ff979120000 - 0x00007ff979245000 	C:\Windows\System32\RPCRT4.dll
0x00007ff979410000 - 0x00007ff9795ad000 	C:\Windows\System32\USER32.dll
0x00007ff978550000 - 0x00007ff978572000 	C:\Windows\System32\win32u.dll
0x00007ff978ea0000 - 0x00007ff978ecb000 	C:\Windows\System32\GDI32.dll
0x00007ff978d90000 - 0x00007ff978e9f000 	C:\Windows\System32\gdi32full.dll
0x00007ff978970000 - 0x00007ff978a0d000 	C:\Windows\System32\msvcp_win.dll
0x00007ff96bf60000 - 0x00007ff96c1fa000 	C:\Windows\WinSxS\amd64_microsoft.windows.common-controls_6595b64144ccf1df_6.0.19041.1110_none_60b5254171f9507e\COMCTL32.dll
0x00007ff971100000 - 0x00007ff97110a000 	C:\Windows\SYSTEM32\VERSION.dll
0x00007ff978ff0000 - 0x00007ff979022000 	C:\Windows\System32\IMM32.DLL
0x00007ff96c8e0000 - 0x00007ff96c8ec000 	C:\Program Files\Java\jdk-19\bin\vcruntime140_1.dll
0x00007ff924390000 - 0x00007ff92441e000 	C:\Program Files\Java\jdk-19\bin\msvcp140.dll
0x00007ff91f000000 - 0x00007ff91fcc0000 	C:\Program Files\Java\jdk-19\bin\server\jvm.dll
0x00007ff960e20000 - 0x00007ff960e29000 	C:\Windows\SYSTEM32\WSOCK32.dll
0x00007ff979b00000 - 0x00007ff979b6b000 	C:\Windows\System32\WS2_32.dll
0x00007ff96b1e0000 - 0x00007ff96b207000 	C:\Windows\SYSTEM32\WINMM.dll
0x00007ff976420000 - 0x00007ff976432000 	C:\Windows\SYSTEM32\kernel.appcore.dll
0x00007ff960c70000 - 0x00007ff960c7a000 	C:\Program Files\Java\jdk-19\bin\jimage.dll
0x00007ff972200000 - 0x00007ff9723e4000 	C:\Windows\SYSTEM32\DBGHELP.DLL
0x00007ff971ef0000 - 0x00007ff971f1c000 	C:\Windows\SYSTEM32\dbgcore.DLL
0x00007ff978730000 - 0x00007ff9787b2000 	C:\Windows\System32\bcryptPrimitives.dll
0x00007ff92a2b0000 - 0x00007ff92a2d6000 	C:\Program Files\Java\jdk-19\bin\java.dll
0x00007ff922ce0000 - 0x00007ff922db7000 	C:\Program Files\Java\jdk-19\bin\jsvml.dll
0x00007ff979ea0000 - 0x00007ff97a5e3000 	C:\Windows\System32\SHELL32.dll
0x00007ff976620000 - 0x00007ff976db2000 	C:\Windows\SYSTEM32\windows.storage.dll
0x00007ff9797a0000 - 0x00007ff979af4000 	C:\Windows\System32\combase.dll
0x00007ff977ed0000 - 0x00007ff977f00000 	C:\Windows\SYSTEM32\Wldp.dll
0x00007ff97a5f0000 - 0x00007ff97a69d000 	C:\Windows\System32\SHCORE.dll
0x00007ff979030000 - 0x00007ff979085000 	C:\Windows\System32\shlwapi.dll
0x00007ff978490000 - 0x00007ff9784af000 	C:\Windows\SYSTEM32\profapi.dll
0x00007ff92a200000 - 0x00007ff92a213000 	C:\Program Files\Java\jdk-19\bin\net.dll
0x00007ff970ff0000 - 0x00007ff9710fc000 	C:\Windows\SYSTEM32\WINHTTP.dll
0x00007ff977c30000 - 0x00007ff977c9a000 	C:\Windows\system32\mswsock.dll
0x00007ff925cb0000 - 0x00007ff925cc6000 	C:\Program Files\Java\jdk-19\bin\nio.dll
0x00007ff925a50000 - 0x00007ff925a68000 	C:\Program Files\Java\jdk-19\bin\zip.dll
0x00007ff95f590000 - 0x00007ff95f5a0000 	C:\Program Files\Java\jdk-19\bin\verify.dll
0x00007ff977e20000 - 0x00007ff977e38000 	C:\Windows\SYSTEM32\CRYPTSP.dll
0x00007ff977550000 - 0x00007ff977584000 	C:\Windows\system32\rsaenh.dll
0x00007ff978d60000 - 0x00007ff978d87000 	C:\Windows\System32\bcrypt.dll
0x00007ff978450000 - 0x00007ff97847e000 	C:\Windows\SYSTEM32\USERENV.dll
0x00007ff977e40000 - 0x00007ff977e4c000 	C:\Windows\SYSTEM32\CRYPTBASE.dll
0x00007ff977920000 - 0x00007ff97795b000 	C:\Windows\SYSTEM32\IPHLPAPI.DLL
0x00007ff9796f0000 - 0x00007ff9796f8000 	C:\Windows\System32\NSI.dll
0x00007ff973610000 - 0x00007ff973627000 	C:\Windows\SYSTEM32\dhcpcsvc6.DLL
0x00007ff9735d0000 - 0x00007ff9735ed000 	C:\Windows\SYSTEM32\dhcpcsvc.DLL
0x00007ff977970000 - 0x00007ff977a3a000 	C:\Windows\SYSTEM32\DNSAPI.dll
0x00007ff9727f0000 - 0x00007ff9727fe000 	C:\Program Files\Java\jdk-19\bin\sunmscapi.dll
0x00007ff9787c0000 - 0x00007ff978916000 	C:\Windows\System32\CRYPT32.dll
0x00007ff977f40000 - 0x00007ff977f67000 	C:\Windows\SYSTEM32\ncrypt.dll
0x00007ff977f00000 - 0x00007ff977f3b000 	C:\Windows\SYSTEM32\NTASN1.dll
0x00007ff9727e0000 - 0x00007ff9727e8000 	C:\Program Files\Java\jdk-19\bin\extnet.dll
0x00007ff970cb0000 - 0x00007ff970cba000 	C:\Windows\System32\rasadhlp.dll
0x00007ff973750000 - 0x00007ff9737d0000 	C:\Windows\System32\fwpuclnt.dll

dbghelp: loaded successfully - version: 4.0.5 - missing functions: none
symbol engine: initialized successfully - sym options: 0x614 - pdb path: .;C:\Program Files\Java\jdk-19\bin;C:\Windows\SYSTEM32;C:\ProgramData\Symantec\Symantec Endpoint Protection\14.3.5413.3000.105\Data\Sysfer\x64;C:\Windows\WinSxS\amd64_microsoft.windows.common-controls_6595b64144ccf1df_6.0.19041.1110_none_60b5254171f9507e;C:\Program Files\Java\jdk-19\bin\server

VM Arguments:
jvm_args: -Dfile.encoding=UTF-8 -XX:+ShowCodeDetailsInExceptionMessages 
java_command: cucumber.api.cli.Main C:\Users\vigneshwaran\eclipse-workspace\BDDProject\src\test\resources\AppFeature\virtualTerminal.feature --glue classpath: --plugin pretty --monochrome
java_class_path (initial): C:\Users\vigneshwaran\eclipse-workspace\BDDProject\target\classes;C:\Users\vigneshwaran\eclipse-workspace\BDDProject\target\test-classes;C:\Users\vigneshwaran\.m2\repository\io\cucumber\cucumber-java\6.9.0\cucumber-java-6.9.0.jar;C:\Users\vigneshwaran\.m2\repository\io\cucumber\cucumber-core\6.9.0\cucumber-core-6.9.0.jar;C:\Users\vigneshwaran\.m2\repository\io\cucumber\cucumber-gherkin\6.9.0\cucumber-gherkin-6.9.0.jar;C:\Users\vigneshwaran\.m2\repository\io\cucumber\cucumber-gherkin-messages\6.9.0\cucumber-gherkin-messages-6.9.0.jar;C:\Users\vigneshwaran\.m2\repository\io\cucumber\messages\13.2.0\messages-13.2.0.jar;C:\Users\vigneshwaran\.m2\repository\io\cucumber\tag-expressions\3.0.0\tag-expressions-3.0.0.jar;C:\Users\vigneshwaran\.m2\repository\io\cucumber\cucumber-expressions\10.3.0\cucumber-expressions-10.3.0.jar;C:\Users\vigneshwaran\.m2\repository\io\cucumber\datatable\3.5.0\datatable-3.5.0.jar;C:\Users\vigneshwaran\.m2\repository\io\cucumber\cucumber-plugin\6.9.0\cucumber-plugin-6.9.0.jar;C:\Users\vigneshwaran\.m2\repository\io\cucumber\docstring\6.9.0\docstring-6.9.0.jar;C:\Users\vigneshwaran\.m2\repository\io\cucumber\html-formatter\9.0.0\html-formatter-9.0.0.jar;C:\Users\vigneshwaran\.m2\repository\io\cucumber\create-meta\2.0.4\create-meta-2.0.4.jar;C:\Users\vigneshwaran\.m2\repository\org\apiguardian\apiguardian-api\1.1.0\apiguardian-api-1.1.0.jar;C:\Users\vigneshwaran\.m2\repository\io\cucumber\cucumber-junit\6.9.0\cucumber-junit-6.9.0.jar;C:\Users\vigneshwaran\.m2\repository\junit\junit\4.13.1\junit-4.13.1.jar;C:\Users\vigneshwaran\.m2\repository\org\hamcrest\hamcrest-core\1.3\hamcrest-core-1.3.jar;C:\Users\vigneshwaran\.m2\repository\org\seleniumhq\selenium\selenium-java\3.141.59\selenium-java-3.141.59.jar;C:\Users\vigneshwaran\.m2\repository\org\seleniumhq\selenium\selenium-api\3.141.59\selenium-api-3.141.59.jar;C:\Users\vigneshwaran\.m2\repository\org\seleniumhq\selenium\selenium-chrome-driver\3.141.59\selenium-chrome-driver-3.141.59.jar;C:\Users\vigneshwaran\.m2\repository\org\seleniumhq\selenium\selenium-edge-driver\3.141.59\selenium-edge-driver-3.141.59.jar;C:\Users\vigneshwaran\.m2\repository\org\seleniumhq\selenium\selenium-firefox-driver\3.141.59\selenium-firefox-driver-3.141.59.jar;C:\Users\vigneshwaran\.m2\repository\org\seleniumhq\selenium\selenium-ie-driver\3.141.59\selenium-ie-driver-3.141.59.jar;C:\Users\vigneshwaran\.m2\repository\org\seleniumhq\selenium\selenium-opera-driver\3.141.59\selenium-opera-driver-3.141.59.jar;C:\Users\vigneshwaran\.m2\repository\org\seleniumhq\selenium\selenium-remote-driver\3.141.59\selenium-remote-driver-3.141.59.jar;C:\Users\vigneshwaran\.m2\repository\org\seleniumhq\selenium\selenium-safari-driver\3.141.59\selenium-safari-driver-3.141.59.jar;C:\Users\vigneshwaran\.m2\repository\org\seleniumhq\selenium\selenium-support\3.141.59\selenium-support-3.141.59.jar;C:\Users\vigneshwaran\.m2\repository\net\bytebuddy\byte-buddy\1.8.15\byte-buddy-1.8.15.jar;C:\Users\vigneshwaran\.m2\repository\org\apache\commons\commons-exec\1.3\commons-exec-1.3.jar;C:\Users\vigneshwaran\.m2\repository\com\google\guava\guava\25.0-jre\guava-25.0-jre.jar;C:\Users\vigneshwaran\.m2\repository\com\google\code\findbugs\jsr305\1.3.9\jsr305-1.3.9.jar;C:\Users\vigneshwaran\.m2\repository\org\checkerframework\checker-compat-qual\2.0.0\checker-compat-qual-2.0.0.jar;C:\Users\vigneshwaran\.m2\repository\com\google\errorprone\error_prone_annotations\2.1.3\error_prone_annotations-2.1.3.jar;C:\Users\vigneshwaran\.m2\repository\com\google\j2objc\j2objc-annotations\1.1\j2objc-annotations-1.1.jar;C:\Users\vigneshwaran\.m2\repository\org\codehaus\mojo\animal-sniffer-annotations\1.14\animal-sniffer-annotations-1.14.jar;C:\Users\vigneshwaran\.m2\repository\com\squareup\okhttp3\okhttp\3.11.0\okhttp-3.11.0.jar;C:\Users\vigneshwaran\.m2\repository\com\squareup\okio\okio\1.14.0\okio-1.14.0.jar;C:\Users\vigneshwaran\.m2\repository\io\github\bonigarcia\webdrivermanager\4.2.2\webdrivermanager-4.2.2.jar;C:\Users\vigneshwaran\.m2\repository\org\slf4j\slf4j-api\1.7.30\slf4j-api-1.7.30.jar;C:\Users\vigneshwaran\.m2\repository\com\google\code\gson\gson\2.8.6\gson-2.8.6.jar;C:\Users\vigneshwaran\.m2\repository\org\apache\commons\commons-lang3\3.11\commons-lang3-3.11.jar;C:\Users\vigneshwaran\.m2\repository\org\apache\httpcomponents\client5\httpclient5\5.0.1\httpclient5-5.0.1.jar;C:\Users\vigneshwaran\.m2\repository\org\apache\httpcomponents\core5\httpcore5\5.0.1\httpcore5-5.0.1.jar;C:\Users\vigneshwaran\.m2\repository\org\apache\httpcomponents\core5\httpcore5-h2\5.0.1\httpcore5-h2-5.0.1.jar;C:\Users\vigneshwaran\.m2\repository\org\rauschig\jarchivelib\1.1.0\jarchivelib-1.1.0.jar;C:\Users\vigneshwaran\.m2\repository\tech\grasshopper\extentreports-cucumber6-adapter\2.8.0\extentreports-cucumber6-adapter-2.8.0.jar;C:\Users\vigneshwaran\.m2\repository\com\aventstack\extentreports\5.0.6\extentreports-5.0.6.jar;C:\Users\vigneshwaran\.m2\repository\io\reactivex\rxjava3\rxjava\3.0.4\rxjava-3.0.4.jar;C:\Users\vigneshwaran\.m2\repository\org\reactivestreams\reactive-streams\1.0.3\reactive-streams-1.0.3.jar;C:\Users\vigneshwaran\.m2\repository\org\freemarker\freemarker\2.3.30\freemarker-2.3.30.jar;C:\Users\vigneshwaran\.m2\repository\org\projectlombok\lombok\1.18.12\lombok-1.18.12.jar;C:\Users\vigneshwaran\.m2\repository\tech\grasshopper\extent-pdf-report\1.7.0\extent-pdf-report-1.7.0.jar;C:\Users\vigneshwaran\.m2\repository\tech\grasshopper\cucumber-pdf-report\2.2.0\cucumber-pdf-report-2.2.0.jar;C:\Users\vigneshwaran\.m2\repository\org\apache\pdfbox\pdfbox\2.0.22\pdfbox-2.0.22.jar;C:\Users\vigneshwaran\.m2\repository\org\apache\pdfbox\fontbox\2.0.22\fontbox-2.0.22.jar;C:\Users\vigneshwaran\.m2\repository\org\knowm\xchart\xchart\3.8.0\xchart-3.8.0.jar;C:\Users\vigneshwaran\.m2\repository\de\erichseifert\vectorgraphics2d\VectorGraphics2D\0.13\VectorGraphics2D-0.13.jar;C:\Users\vigneshwaran\.m2\repository\de\rototor\pdfbox\graphics2d\0.30\graphics2d-0.30.jar;C:\Users\vigneshwaran\.m2\repository\com\madgag\animated-gif-lib\1.4\animated-gif-lib-1.4.jar;C:\Users\vigneshwaran\.m2\repository\org\yaml\snakeyaml\1.28\snakeyaml-1.28.jar;C:\Users\vigneshwaran\.m2\repository\tech\grasshopper\table-layout\1.2.0\table-layout-1.2.0.jar;C:\Users\vigneshwaran\.m2\repository\com\aventstack\klov-reporter\5.0.6\klov-reporter-5.0.6.jar;C:\Users\vigneshwaran\.m2\repository\org\mongodb\bson\3.6.4\bson-3.6.4.jar;C:\Users\vigneshwaran\.m2\repository\org\mongodb\mongodb-driver\3.3.0\mongodb-driver-3.3.0.jar;C:\Users\vigneshwaran\.m2\repository\org\mongodb\mongodb-driver-core\3.3.0\mongodb-driver-core-3.3.0.jar;C:\Users\vigneshwaran\.m2\repository\org\testng\testng\6.14.3\testng-6.14.3.jar;C:\Users\vigneshwaran\.m2\repository\com\beust\jcommander\1.72\jcommander-1.72.jar;C:\Users\vigneshwaran\.m2\repository\org\apache-extras\beanshell\bsh\2.0b6\bsh-2.0b6.jar;C:\Users\vigneshwaran\.m2\repository\io\cucumber\cucumber-testng\6.9.0\cucumber-testng-6.9.0.jar;C:\Users\vigneshwaran\.m2\repository\org\apache\poi\poi\4.1.2\poi-4.1.2.jar;C:\Users\vigneshwaran\.m2\repository\commons-codec\commons-codec\1.13\commons-codec-1.13.jar;C:\Users\vigneshwaran\.m2\repository\org\apache\commons\commons-collections4\4.4\commons-collections4-4.4.jar;C:\Users\vigneshwaran\.m2\repository\org\apache\commons\commons-math3\3.6.1\commons-math3-3.6.1.jar;C:\Users\vigneshwaran\.m2\repository\com\zaxxer\SparseBitSet\1.2\SparseBitSet-1.2.jar;C:\Users\vigneshwaran\.m2\repository\org\apache\poi\poi-ooxml\4.1.2\poi-ooxml-4.1.2.jar;C:\Users\vigneshwaran\.m2\repository\org\apache\poi\poi-ooxml-schemas\4.1.2\poi-ooxml-schemas-4.1.2.jar;C:\Users\vigneshwaran\.m2\repository\org\apache\xmlbeans\xmlbeans\3.1.0\xmlbeans-3.1.0.jar;C:\Users\vigneshwaran\.m2\repository\org\apache\commons\commons-compress\1.19\commons-compress-1.19.jar;C:\Users\vigneshwaran\.m2\repository\com\github\virtuald\curvesapi\1.06\curvesapi-1.06.jar;C:\Users\vigneshwaran\.m2\repository\commons-io\commons-io\2.7\commons-io-2.7.jar;C:\Users\vigneshwaran\.m2\repository\javax\mail\mail\1.4.7\mail-1.4.7.jar;C:\Users\vigneshwaran\.m2\repository\javax\activation\activation\1.1\activation-1.1.jar;C:\Users\vigneshwaran\.m2\repository\commons-net\commons-net\3.6\commons-net-3.6.jar;C:\Users\vigneshwaran\.m2\repository\com\google\api-client\google-api-client\2.0.0\google-api-client-2.0.0.jar;C:\Users\vigneshwaran\.m2\repository\com\google\oauth-client\google-oauth-client\1.34.1\google-oauth-client-1.34.1.jar;C:\Users\vigneshwaran\.m2\repository\com\google\http-client\google-http-client-gson\1.42.1\google-http-client-gson-1.42.1.jar;C:\Users\vigneshwaran\.m2\repository\com\google\http-client\google-http-client-apache-v2\1.42.1\google-http-client-apache-v2-1.42.1.jar;C:\Users\vigneshwaran\.m2\repository\org\apache\httpcomponents\httpcore\4.4.15\httpcore-4.4.15.jar;C:\Users\vigneshwaran\.m2\repository\org\apache\httpcomponents\httpclient\4.5.13\httpclient-4.5.13.jar;C:\Users\vigneshwaran\.m2\repository\commons-logging\commons-logging\1.2\commons-logging-1.2.jar;C:\Users\vigneshwaran\.m2\repository\com\google\http-client\google-http-client\1.42.1\google-http-client-1.42.1.jar;C:\Users\vigneshwaran\.m2\repository\io\opencensus\opencensus-api\0.31.1\opencensus-api-0.31.1.jar;C:\Users\vigneshwaran\.m2\repository\io\grpc\grpc-context\1.27.2\grpc-context-1.27.2.jar;C:\Users\vigneshwaran\.m2\repository\io\opencensus\opencensus-contrib-http-util\0.31.1\opencensus-contrib-http-util-0.31.1.jar;C:\Users\vigneshwaran\.m2\repository\com\google\oauth-client\google-oauth-client-jetty\1.34.1\google-oauth-client-jetty-1.34.1.jar;C:\Users\vigneshwaran\.m2\repository\com\google\oauth-client\google-oauth-client-java6\1.34.1\google-oauth-client-java6-1.34.1.jar;C:\Users\vigneshwaran\.m2\repository\com\google\apis\google-api-services-gmail\v1-rev20220404-1.32.1\google-api-services-gmail-v1-rev20220404-1.32.1.jar;C:\Users\vigneshwaran\.m2\repository\javax\mail\javax.mail-api\1.6.2\javax.mail-api-1.6.2.jar;C:\Users\vigneshwaran\.m2\repository\org\jsoup\jsoup\1.13.1\jsoup-1.13.1.jar;C:\Users\vigneshwaran\.m2\repository\io\rest-assured\rest-assured\4.3.0\rest-assured-4.3.0.jar;C:\Users\vigneshwaran\.m2\repository\org\codehaus\groovy\groovy\3.0.2\groovy-3.0.2.jar;C:\Users\vigneshwaran\.m2\repository\org\codehaus\groovy\groovy-xml\3.0.2\groovy-xml-3.0.2.jar;C:\Users\vigneshwaran\.m2\repository\org\apache\httpcomponents\httpmime\4.5.3\httpmime-4.5.3.jar;C:\Users\vigneshwaran\.m2\repository\org\hamcrest\hamcrest\2.1\hamcrest-2.1.jar;C:\Users\vigneshwaran\.m2\repository\org\ccil\cowan\tagsoup\tagsoup\1.2.1\tagsoup-1.2.1.jar;C:\Users\vigneshwaran\.m2\repository\io\rest-assured\json-path\4.3.0\json-path-4.3.0.jar;C:\Users\vigneshwaran\.m2\repository\org\codehaus\groovy\groovy-json\3.0.2\groovy-json-3.0.2.jar;C:\Users\vigneshwaran\.m2\repository\io\rest-assured\xml-path\4.3.0\xml-path-4.3.0.jar;C:\Users\vigneshwaran\.m2\repository\jakarta\xml\bind\jakarta.xml.bind-api\2.3.2\jakarta.xml.bind-api-2.3.2.jar;C:\Users\vigneshwaran\.m2\repository\jakarta\activation\jakarta.activation-api\1.2.1\jakarta.activation-api-1.2.1.jar;C:\Users\vigneshwaran\.m2\repository\com\sun\xml\bind\jaxb-osgi\2.3.0.1\jaxb-osgi-2.3.0.1.jar;C:\Users\vigneshwaran\.m2\repository\org\apache\sling\org.apache.sling.javax.activation\0.1.0\org.apache.sling.javax.activation-0.1.0.jar;C:\Users\vigneshwaran\.m2\repository\io\rest-assured\rest-assured-common\4.3.0\rest-assured-common-4.3.0.jar;C:\Users\vigneshwaran\.m2\repository\com\fasterxml\jackson\core\jackson-core\2.14.1\jackson-core-2.14.1.jar;C:\Users\vigneshwaran\.m2\repository\com\google\api-client\google-api-client-jackson2\2.1.1\google-api-client-jackson2-2.1.1.jar;C:\Users\vigneshwaran\.m2\repository\com\twilio\sdk\twilio\7.42.0\twilio-7.42.0.jar;C:\Users\vigneshwaran\.m2\repository\joda-time\joda-time\2.5\joda-time-2.5.jar;C:\Users\vigneshwaran\.m2\repository\io\jsonwebtoken\jjwt\0.4\jjwt-0.4.jar;C:\Users\vigneshwaran\.m2\repository\com\fasterxml\jackson\core\jackson-annotations\2.9.9\jackson-annotations-2.9.9.jar;C:\Users\vigneshwaran\.m2\repository\com\fasterxml\jackson\core\jackson-databind\2.9.9.1\jackson-databind-2.9.9.1.jar;C:\Users\vigneshwaran\.m2\repository\javax\xml\bind\jaxb-api\2.2\jaxb-api-2.2.jar;C:\Users\vigneshwaran\.m2\repository\javax\xml\stream\stax-api\1.0-2\stax-api-1.0-2.jar;C:\Users\vigneshwaran\Downloads\automationUtilities-pro-1.0 (2).jar
Launcher Type: SUN_STANDARD

[Global flags]
     intx CICompilerCount                          = 3                                         {product} {ergonomic}
     uint ConcGCThreads                            = 1                                         {product} {ergonomic}
     uint G1ConcRefinementThreads                  = 4                                         {product} {ergonomic}
   size_t G1HeapRegionSize                         = 2097152                                   {product} {ergonomic}
    uintx GCDrainStackTargetSize                   = 64                                        {product} {ergonomic}
   size_t InitialHeapSize                          = 266338304                                 {product} {ergonomic}
   size_t MarkStackSize                            = 4194304                                   {product} {ergonomic}
   size_t MaxHeapSize                              = 4261412864                                {product} {ergonomic}
   size_t MaxNewSize                               = 2556428288                                {product} {ergonomic}
   size_t MinHeapDeltaBytes                        = 2097152                                   {product} {ergonomic}
   size_t MinHeapSize                              = 8388608                                   {product} {ergonomic}
    uintx NonNMethodCodeHeapSize                   = 5832780                                {pd product} {ergonomic}
    uintx NonProfiledCodeHeapSize                  = 122912730                              {pd product} {ergonomic}
    uintx ProfiledCodeHeapSize                     = 122912730                              {pd product} {ergonomic}
    uintx ReservedCodeCacheSize                    = 251658240                              {pd product} {ergonomic}
     bool SegmentedCodeCache                       = true                                      {product} {ergonomic}
     bool ShowCodeDetailsInExceptionMessages       = true                                   {manageable} {command line}
   size_t SoftMaxHeapSize                          = 4261412864                             {manageable} {ergonomic}
     bool UseCompressedClassPointers               = true                           {product lp64_product} {ergonomic}
     bool UseCompressedOops                        = true                           {product lp64_product} {ergonomic}
     bool UseG1GC                                  = true                                      {product} {ergonomic}
     bool UseLargePagesIndividualAllocation        = false                                  {pd product} {ergonomic}

Logging:
Log output configuration:
 #0: stdout all=warning uptime,level,tags foldmultilines=false
 #1: stderr all=off uptime,level,tags foldmultilines=false

Environment Variables:
PATH=C:\Program Files\Common Files\Oracle\Java\javapath;C:\Windows\system32;C:\Windows;C:\Windows\System32\Wbem;C:\Windows\System32\WindowsPowerShell\v1.0\;C:\Windows\System32\OpenSSH\;C:\Users\vigneshwaran\AppData\Local\Microsoft\WindowsApps;C:\Users\vigneshwaran\AppData\Local\Programs\Git\cmd
USERNAME=vigneshwaran
OS=Windows_NT
PROCESSOR_IDENTIFIER=Intel64 Family 6 Model 42 Stepping 7, GenuineIntel
TMP=C:\Users\VIGNES~1\AppData\Local\Temp
TEMP=C:\Users\VIGNES~1\AppData\Local\Temp



---------------  S Y S T E M  ---------------

OS:
 Windows 10 , 64 bit Build 19041 (10.0.19041.2251)
OS uptime: 7 days 22:12 hours

CPU: total 4 (initial active 4) (4 cores per cpu, 1 threads per core) family 6 model 42 stepping 7 microcode 0x2f, cx8, cmov, fxsr, mmx, sse, sse2, sse3, ssse3, sse4.1, sse4.2, popcnt, tsc, tscinvbit, avx, aes, clmul, vzeroupper, clflush, rdtscp

Memory: 4k page, system-wide physical 16253M (972M free)
TotalPageFile size 30484M (AvailPageFile size 20M)
current process WorkingSet (physical memory assigned to process): 129M, peak: 129M
current process commit charge ("private bytes"): 376M, peak: 376M

vm_info: Java HotSpot(TM) 64-Bit Server VM (19+36-2238) for windows-amd64 JRE (19+36-2238), built on 2022-08-12T20:29:01Z by "mach5one" with MS VC++ 17.1 (VS2022)

END.
